<?xml version="1.0" encoding="UTF-8"?>
<!-- Generated by org.testng.reporters.JUnitXMLReporter -->
<testsuite hostname="DESKTOP-D7PUHMF" ignored="0" name="Default test(failed)" tests="1" failures="1" timestamp="21 Nov 2018 09:39:30 GMT" time="39.933" errors="0">
  <testcase name="visualTesting" time="24.259" classname="seleniumPrograms.ApplitoolsConcept">
    <failure type="com.applitools.eyes.exceptions.DiffsFoundException" message="Test &amp;apos;Hello World&amp;apos; of &amp;apos;Applitools&amp;apos; detected differences! See details at: https://eyes.applitools.com/app/batches/00000251859507623152/00000251859507623012?accountId=jwvloF1AokmoWvEQcfv8zw~~">
      <![CDATA[com.applitools.eyes.exceptions.DiffsFoundException: Test 'Hello World' of 'Applitools' detected differences! See details at: https://eyes.applitools.com/app/batches/00000251859507623152/00000251859507623012?accountId=jwvloF1AokmoWvEQcfv8zw~~
at com.applitools.eyes.EyesBase.close(EyesBase.java:791)
at com.applitools.eyes.EyesBase.close(EyesBase.java:733)
at seleniumPrograms.ApplitoolsConcept.visualTesting(ApplitoolsConcept.java:40)
at javaPrograms.RunFailedTestCases.testNGRunnerForFailedTests(RunFailedTestCases.java:17)
... Removed 47 stack frames]]>
    </failure>
  </testcase> <!-- visualTesting -->
</testsuite> <!-- Default test(failed) -->
