<?xml version="1.0" encoding="UTF-8"?>
<!-- Generated by org.testng.reporters.JUnitXMLReporter -->
<testsuite hostname="DESKTOP-D7PUHMF" ignored="0" name="Default test" tests="2" failures="0" timestamp="02 Oct 2018 10:19:31 GMT" time="121.417" errors="0">
  <testcase name="launchEdgeBrowser" time="16.982" classname="seleniumPrograms.FireFoxHeadlessMode"/>
  <testcase name="openFirefoxInHeadlessMode" time="104.366" classname="seleniumPrograms.FireFoxHeadlessMode"/>
</testsuite> <!-- Default test -->
