<?xml version="1.0" encoding="UTF-8"?>
<!-- Generated by org.testng.reporters.JUnitXMLReporter -->
<testsuite hostname="DESKTOP-D7PUHMF" ignored="3" name="Default test" tests="1" failures="0" timestamp="30 Oct 2018 03:27:51 GMT" time="15.93" errors="0">
  <testcase name="handlingSSLInFF" time="15.881" classname="seleniumPrograms.AcceptSSLCertificates"/>
  <testcase name="handlingSSLInEdge" time="0.0" classname="seleniumPrograms.AcceptSSLCertificates">
    <ignored/>
  </testcase> <!-- handlingSSLInEdge -->
  <testcase name="handlingSSLInIE" time="0.0" classname="seleniumPrograms.AcceptSSLCertificates">
    <ignored/>
  </testcase> <!-- handlingSSLInIE -->
  <testcase name="handlingSSLInChrome" time="0.0" classname="seleniumPrograms.AcceptSSLCertificates">
    <ignored/>
  </testcase> <!-- handlingSSLInChrome -->
</testsuite> <!-- Default test -->
