<?xml version="1.0" encoding="UTF-8"?>
<!-- Generated by org.testng.reporters.JUnitXMLReporter -->
<testsuite hostname="DESKTOP-D7PUHMF" ignored="0" name="Test" tests="1" failures="1" timestamp="21 Nov 2018 03:38:21 GMT" time="33.138" errors="0">
  <testcase name="visualTesting" time="22.93" classname="seleniumPrograms.ApplitoolsConcept">
    <failure type="com.applitools.eyes.exceptions.DiffsFoundException" message="Test &amp;apos;Hello World&amp;apos; of &amp;apos;Applitools&amp;apos; detected differences! See details at: https://eyes.applitools.com/app/batches/00000251859529292562/00000251859529292468?accountId=jwvloF1AokmoWvEQcfv8zw~~">
      <![CDATA[com.applitools.eyes.exceptions.DiffsFoundException: Test 'Hello World' of 'Applitools' detected differences! See details at: https://eyes.applitools.com/app/batches/00000251859529292562/00000251859529292468?accountId=jwvloF1AokmoWvEQcfv8zw~~
at com.applitools.eyes.EyesBase.close(EyesBase.java:791)
at com.applitools.eyes.EyesBase.close(EyesBase.java:733)
at seleniumPrograms.ApplitoolsConcept.visualTesting(ApplitoolsConcept.java:32)
... Removed 29 stack frames]]>
    </failure>
  </testcase> <!-- visualTesting -->
</testsuite> <!-- Test -->
