<?xml version="1.0" encoding="UTF-8"?>
<testng-results skipped="0" failed="1" ignored="0" total="1" passed="0">
  <reporter-output>
  </reporter-output>
  <suite name="Suite" duration-ms="33138" started-at="2018-11-21T03:37:48Z" finished-at="2018-11-21T03:38:21Z">
    <groups>
    </groups>
    <test name="Test" duration-ms="33138" started-at="2018-11-21T03:37:48Z" finished-at="2018-11-21T03:38:21Z">
      <class name="seleniumPrograms.ApplitoolsConcept">
        <test-method status="PASS" signature="setUp()[pri:0, instance:seleniumPrograms.ApplitoolsConcept@3abbfa04]" name="setUp" is-config="true" duration-ms="9494" started-at="2018-11-21T03:37:48Z" finished-at="2018-11-21T03:37:58Z">
          <reporter-output>
          </reporter-output>
        </test-method> <!-- setUp -->
        <test-method status="FAIL" signature="visualTesting()[pri:0, instance:seleniumPrograms.ApplitoolsConcept@3abbfa04]" name="visualTesting" duration-ms="22930" started-at="2018-11-21T03:37:58Z" finished-at="2018-11-21T03:38:21Z">
          <exception class="com.applitools.eyes.exceptions.DiffsFoundException">
            <message>
              <![CDATA[Test 'Hello World' of 'Applitools' detected differences! See details at: https://eyes.applitools.com/app/batches/00000251859529292562/00000251859529292468?accountId=jwvloF1AokmoWvEQcfv8zw~~]]>
            </message>
            <full-stacktrace>
              <![CDATA[com.applitools.eyes.exceptions.DiffsFoundException: Test 'Hello World' of 'Applitools' detected differences! See details at: https://eyes.applitools.com/app/batches/00000251859529292562/00000251859529292468?accountId=jwvloF1AokmoWvEQcfv8zw~~
at com.applitools.eyes.EyesBase.close(EyesBase.java:791)
at com.applitools.eyes.EyesBase.close(EyesBase.java:733)
at seleniumPrograms.ApplitoolsConcept.visualTesting(ApplitoolsConcept.java:32)
at sun.reflect.NativeMethodAccessorImpl.invoke0(Native Method)
at sun.reflect.NativeMethodAccessorImpl.invoke(NativeMethodAccessorImpl.java:62)
at sun.reflect.DelegatingMethodAccessorImpl.invoke(DelegatingMethodAccessorImpl.java:43)
at java.lang.reflect.Method.invoke(Method.java:498)
at org.testng.internal.MethodInvocationHelper.invokeMethod(MethodInvocationHelper.java:124)
at org.testng.internal.Invoker.invokeMethod(Invoker.java:583)
at org.testng.internal.Invoker.invokeTestMethod(Invoker.java:719)
at org.testng.internal.Invoker.invokeTestMethods(Invoker.java:989)
at org.testng.internal.TestMethodWorker.invokeTestMethods(TestMethodWorker.java:125)
at org.testng.internal.TestMethodWorker.run(TestMethodWorker.java:109)
at org.testng.TestRunner.privateRun(TestRunner.java:648)
at org.testng.TestRunner.run(TestRunner.java:505)
at org.testng.SuiteRunner.runTest(SuiteRunner.java:455)
at org.testng.SuiteRunner.runSequentially(SuiteRunner.java:450)
at org.testng.SuiteRunner.privateRun(SuiteRunner.java:415)
at org.testng.SuiteRunner.run(SuiteRunner.java:364)
at org.testng.SuiteRunnerWorker.runSuite(SuiteRunnerWorker.java:52)
at org.testng.SuiteRunnerWorker.run(SuiteRunnerWorker.java:84)
at org.testng.TestNG.runSuitesSequentially(TestNG.java:1208)
at org.testng.TestNG.runSuitesLocally(TestNG.java:1137)
at org.testng.TestNG.runSuites(TestNG.java:1049)
at org.testng.TestNG.run(TestNG.java:1017)
at org.apache.maven.surefire.testng.TestNGExecutor.run(TestNGExecutor.java:283)
at org.apache.maven.surefire.testng.TestNGXmlTestSuite.execute(TestNGXmlTestSuite.java:75)
at org.apache.maven.surefire.testng.TestNGProvider.invoke(TestNGProvider.java:120)
at org.apache.maven.surefire.booter.ForkedBooter.invokeProviderInSameClassLoader(ForkedBooter.java:384)
at org.apache.maven.surefire.booter.ForkedBooter.runSuitesInProcess(ForkedBooter.java:345)
at org.apache.maven.surefire.booter.ForkedBooter.execute(ForkedBooter.java:126)
at org.apache.maven.surefire.booter.ForkedBooter.main(ForkedBooter.java:418)
]]>
            </full-stacktrace>
          </exception> <!-- com.applitools.eyes.exceptions.DiffsFoundException -->
          <reporter-output>
          </reporter-output>
        </test-method> <!-- visualTesting -->
        <test-method status="PASS" signature="tearDown()[pri:0, instance:seleniumPrograms.ApplitoolsConcept@3abbfa04]" name="tearDown" is-config="true" duration-ms="665" started-at="2018-11-21T03:38:21Z" finished-at="2018-11-21T03:38:21Z">
          <reporter-output>
          </reporter-output>
        </test-method> <!-- tearDown -->
      </class> <!-- seleniumPrograms.ApplitoolsConcept -->
    </test> <!-- Test -->
  </suite> <!-- Suite -->
</testng-results>
