<?xml version="1.0" encoding="UTF-8"?>
<testng-results skipped="0" failed="0" ignored="0" total="1" passed="1">
  <reporter-output>
  </reporter-output>
  <suite name="Default suite" duration-ms="37664" started-at="2018-10-01T16:35:19Z" finished-at="2018-10-01T16:35:57Z">
    <groups>
    </groups>
    <test name="Default test" duration-ms="37664" started-at="2018-10-01T16:35:19Z" finished-at="2018-10-01T16:35:57Z">
      <class name="seleniumPrograms.CookieHandlingConcept">
        <test-method status="PASS" signature="setup()[pri:0, instance:seleniumPrograms.CookieHandlingConcept@3c0ecd4b]" name="setup" is-config="true" duration-ms="11486" started-at="2018-10-01T16:35:19Z" finished-at="2018-10-01T16:35:31Z">
          <reporter-output>
          </reporter-output>
        </test-method> <!-- setup -->
        <test-method status="PASS" signature="getCookie()[pri:0, instance:seleniumPrograms.CookieHandlingConcept@3c0ecd4b]" name="getCookie" duration-ms="24033" started-at="2018-10-01T16:35:31Z" finished-at="2018-10-01T16:35:55Z">
          <reporter-output>
          </reporter-output>
        </test-method> <!-- getCookie -->
        <test-method status="PASS" signature="tearDown()[pri:0, instance:seleniumPrograms.CookieHandlingConcept@3c0ecd4b]" name="tearDown" is-config="true" duration-ms="2080" started-at="2018-10-01T16:35:55Z" finished-at="2018-10-01T16:35:57Z">
          <reporter-output>
          </reporter-output>
        </test-method> <!-- tearDown -->
      </class> <!-- seleniumPrograms.CookieHandlingConcept -->
    </test> <!-- Default test -->
  </suite> <!-- Default suite -->
</testng-results>
