<?xml version="1.0" encoding="UTF-8"?>
<testng-results skipped="0" failed="0" ignored="0" total="1" passed="1">
  <reporter-output>
  </reporter-output>
  <suite name="Default suite" duration-ms="15493" started-at="2018-10-02T05:44:25Z" finished-at="2018-10-02T05:44:40Z">
    <groups>
    </groups>
    <test name="Default test" duration-ms="15493" started-at="2018-10-02T05:44:25Z" finished-at="2018-10-02T05:44:40Z">
      <class name="seleniumPrograms.FireFoxHeadlessMode">
        <test-method status="PASS" signature="openBrowserInHeadlessMode()[pri:0, instance:seleniumPrograms.FireFoxHeadlessMode@754ba872]" name="openBrowserInHeadlessMode" duration-ms="15439" started-at="2018-10-02T05:44:25Z" finished-at="2018-10-02T05:44:40Z">
          <reporter-output>
          </reporter-output>
        </test-method> <!-- openBrowserInHeadlessMode -->
      </class> <!-- seleniumPrograms.FireFoxHeadlessMode -->
    </test> <!-- Default test -->
  </suite> <!-- Default suite -->
</testng-results>
